<?xml version="1.0" encoding="UTF-8"?>
<!-- Generated by org.testng.reporters.JUnitReportReporter -->
<testsuite skipped="0" hostname="LAPTOP-TQFQ8PS7" name="Ex2.Ex2.Dem" tests="1" failures="0" timestamp="2 Jun 2021 19:52:54 GMT" time="0.031" errors="0">
  <testcase name="a" time="0.031" classname="Ex2.Ex2.Dem"/>
</testsuite> <!-- Ex2.Ex2.Dem -->
